0 info it worked if it ends with ok
1 verbose cli [ 'C:\\Program Files\\nodejs\\node.exe',
1 verbose cli   'C:\\Program Files\\nodejs\\node_modules\\npm\\bin\\npm-cli.js',
1 verbose cli   'install',
1 verbose cli   'angularjs-file-upload-rails' ]
2 info using npm@2.14.12
3 info using node@v4.2.6
4 verbose install initial load of C:\wamp\www\package.json
5 verbose installManyTop reading scoped package data from C:\wamp\www\node_modules\angular\package.json
6 verbose installManyTop reading scoped package data from C:\wamp\www\node_modules\angular-animate\package.json
7 verbose installManyTop reading scoped package data from C:\wamp\www\node_modules\angular-aria\package.json
8 verbose installManyTop reading scoped package data from C:\wamp\www\node_modules\angular-material\package.json
9 info package.json angular-material@1.0.4 No license field.
10 verbose readDependencies loading dependencies from C:\wamp\www\package.json
11 silly cache add args [ 'angularjs-file-upload-rails', null ]
12 verbose cache add spec angularjs-file-upload-rails
13 silly cache add parsed spec Result {
13 silly cache add   raw: 'angularjs-file-upload-rails',
13 silly cache add   scope: null,
13 silly cache add   name: 'angularjs-file-upload-rails',
13 silly cache add   rawSpec: '',
13 silly cache add   spec: 'latest',
13 silly cache add   type: 'tag' }
14 silly addNamed angularjs-file-upload-rails@latest
15 verbose addNamed "latest" is being treated as a dist-tag for angularjs-file-upload-rails
16 info addNameTag [ 'angularjs-file-upload-rails', 'latest' ]
17 silly mapToRegistry name angularjs-file-upload-rails
18 silly mapToRegistry using default registry
19 silly mapToRegistry registry https://registry.npmjs.org/
20 silly mapToRegistry uri https://registry.npmjs.org/angularjs-file-upload-rails
21 verbose addNameTag registry:https://registry.npmjs.org/angularjs-file-upload-rails not in flight; fetching
22 verbose request uri https://registry.npmjs.org/angularjs-file-upload-rails
23 verbose request no auth needed
24 info attempt registry request try #1 at 10:31:55
25 verbose request id cd5eb2ce0f105be8
26 http request GET https://registry.npmjs.org/angularjs-file-upload-rails
27 http 404 https://registry.npmjs.org/angularjs-file-upload-rails
28 verbose headers { 'content-type': 'application/json',
28 verbose headers   'cache-control': 'max-age=0',
28 verbose headers   'content-length': '2',
28 verbose headers   'accept-ranges': 'bytes',
28 verbose headers   date: 'Wed, 24 Feb 2016 16:31:59 GMT',
28 verbose headers   via: '1.1 varnish',
28 verbose headers   age: '0',
28 verbose headers   connection: 'keep-alive',
28 verbose headers   'x-served-by': 'cache-dfw1833-DFW',
28 verbose headers   'x-cache': 'MISS',
28 verbose headers   'x-cache-hits': '0',
28 verbose headers   'x-timer': 'S1456331519.143550,VS0,VE288' }
29 silly get cb [ 404,
29 silly get   { 'content-type': 'application/json',
29 silly get     'cache-control': 'max-age=0',
29 silly get     'content-length': '2',
29 silly get     'accept-ranges': 'bytes',
29 silly get     date: 'Wed, 24 Feb 2016 16:31:59 GMT',
29 silly get     via: '1.1 varnish',
29 silly get     age: '0',
29 silly get     connection: 'keep-alive',
29 silly get     'x-served-by': 'cache-dfw1833-DFW',
29 silly get     'x-cache': 'MISS',
29 silly get     'x-cache-hits': '0',
29 silly get     'x-timer': 'S1456331519.143550,VS0,VE288' } ]
30 verbose stack Error: Registry returned 404 for GET on https://registry.npmjs.org/angularjs-file-upload-rails
30 verbose stack     at makeError (C:\Program Files\nodejs\node_modules\npm\node_modules\npm-registry-client\lib\request.js:264:12)
30 verbose stack     at CachingRegistryClient.<anonymous> (C:\Program Files\nodejs\node_modules\npm\node_modules\npm-registry-client\lib\request.js:242:14)
30 verbose stack     at Request._callback (C:\Program Files\nodejs\node_modules\npm\node_modules\npm-registry-client\lib\request.js:172:14)
30 verbose stack     at Request.self.callback (C:\Program Files\nodejs\node_modules\npm\node_modules\request\request.js:198:22)
30 verbose stack     at emitTwo (events.js:87:13)
30 verbose stack     at Request.emit (events.js:172:7)
30 verbose stack     at Request.<anonymous> (C:\Program Files\nodejs\node_modules\npm\node_modules\request\request.js:1082:10)
30 verbose stack     at emitOne (events.js:82:20)
30 verbose stack     at Request.emit (events.js:169:7)
30 verbose stack     at IncomingMessage.<anonymous> (C:\Program Files\nodejs\node_modules\npm\node_modules\request\request.js:1009:12)
31 verbose statusCode 404
32 verbose pkgid angularjs-file-upload-rails
33 verbose cwd C:\wamp\www\angproj
34 error Windows_NT 10.0.10240
35 error argv "C:\\Program Files\\nodejs\\node.exe" "C:\\Program Files\\nodejs\\node_modules\\npm\\bin\\npm-cli.js" "install" "angularjs-file-upload-rails"
36 error node v4.2.6
37 error npm  v2.14.12
38 error code E404
39 error 404 Registry returned 404 for GET on https://registry.npmjs.org/angularjs-file-upload-rails
39 error 404
39 error 404 'angularjs-file-upload-rails' is not in the npm registry.
39 error 404 You should bug the author to publish it (or use the name yourself!)
39 error 404
39 error 404 Note that you can also install from a
39 error 404 tarball, folder, http url, or git url.
40 verbose exit [ 1, true ]
